
*** Running vivado
    with args -log testbench.vds -m64 -product Vivado -mode batch -messageDb vivado.pb -notrace -source testbench.tcl



****** Vivado v2020.2 (64-bit)
  **** SW Build 3064766 on Wed Nov 18 09:12:45 MST 2020
  **** IP Build 3064653 on Wed Nov 18 14:17:31 MST 2020
    ** Copyright 1986-2020 Xilinx, Inc. All Rights Reserved.

source testbench.tcl -notrace
create_project: Time (s): cpu = 00:00:01 ; elapsed = 00:00:17 . Memory (MB): peak = 989.355 ; gain = 0.000
Command: synth_design -top testbench -part xc7a100tcsg324-3
Starting synth_design
Attempting to get a license for feature 'Synthesis' and/or device 'xc7a100t'
INFO: [Common 17-349] Got license for feature 'Synthesis' and/or device 'xc7a100t'
INFO: [Synth 8-7079] Multithreading enabled for synth_design using a maximum of 2 processes.
INFO: [Synth 8-7078] Launching helper process for spawning children vivado processes
INFO: [Synth 8-7075] Helper process launched with PID 53816
---------------------------------------------------------------------------------
Starting Synthesize : Time (s): cpu = 00:00:05 ; elapsed = 00:00:11 . Memory (MB): peak = 989.355 ; gain = 0.000
---------------------------------------------------------------------------------
INFO: [Synth 8-6157] synthesizing module 'testbench' [C:/Users/raoab/OneDrive/Desktop/IMPORTANT FILES/Verilog/ATM Machine2/Parking Garage/Parking Garage.srcs/sources_1/new/testbench.v:23]
INFO: [Synth 8-6157] synthesizing module 'GateAccess' [C:/Users/raoab/OneDrive/Desktop/IMPORTANT FILES/Verilog/ATM Machine2/Parking Garage/Parking Garage.srcs/sources_1/new/GateAccess.v:23]
INFO: [Synth 8-6155] done synthesizing module 'GateAccess' (1#1) [C:/Users/raoab/OneDrive/Desktop/IMPORTANT FILES/Verilog/ATM Machine2/Parking Garage/Parking Garage.srcs/sources_1/new/GateAccess.v:23]
INFO: [Synth 8-155] case statement is not full and has no default [C:/Users/raoab/OneDrive/Desktop/IMPORTANT FILES/Verilog/ATM Machine2/Parking Garage/Parking Garage.srcs/sources_1/new/testbench.v:160]
INFO: [Synth 8-155] case statement is not full and has no default [C:/Users/raoab/OneDrive/Desktop/IMPORTANT FILES/Verilog/ATM Machine2/Parking Garage/Parking Garage.srcs/sources_1/new/testbench.v:184]
INFO: [Synth 8-155] case statement is not full and has no default [C:/Users/raoab/OneDrive/Desktop/IMPORTANT FILES/Verilog/ATM Machine2/Parking Garage/Parking Garage.srcs/sources_1/new/testbench.v:202]
INFO: [Synth 8-6155] done synthesizing module 'testbench' (2#1) [C:/Users/raoab/OneDrive/Desktop/IMPORTANT FILES/Verilog/ATM Machine2/Parking Garage/Parking Garage.srcs/sources_1/new/testbench.v:23]
---------------------------------------------------------------------------------
Finished Synthesize : Time (s): cpu = 00:00:07 ; elapsed = 00:00:15 . Memory (MB): peak = 989.355 ; gain = 0.000
---------------------------------------------------------------------------------
---------------------------------------------------------------------------------
Finished Constraint Validation : Time (s): cpu = 00:00:07 ; elapsed = 00:00:16 . Memory (MB): peak = 989.355 ; gain = 0.000
---------------------------------------------------------------------------------
---------------------------------------------------------------------------------
Start Loading Part and Timing Information
---------------------------------------------------------------------------------
Loading part: xc7a100tcsg324-3
INFO: [Device 21-403] Loading part xc7a100tcsg324-3
---------------------------------------------------------------------------------
Finished Loading Part and Timing Information : Time (s): cpu = 00:00:07 ; elapsed = 00:00:17 . Memory (MB): peak = 989.355 ; gain = 0.000
---------------------------------------------------------------------------------
WARNING: [Synth 8-327] inferring latch for variable 'seg_cath_reg' [C:/Users/raoab/OneDrive/Desktop/IMPORTANT FILES/Verilog/ATM Machine2/Parking Garage/Parking Garage.srcs/sources_1/new/testbench.v:213]
WARNING: [Synth 8-327] inferring latch for variable 'sseg_reg' [C:/Users/raoab/OneDrive/Desktop/IMPORTANT FILES/Verilog/ATM Machine2/Parking Garage/Parking Garage.srcs/sources_1/new/testbench.v:162]
---------------------------------------------------------------------------------
Finished RTL Optimization Phase 2 : Time (s): cpu = 00:00:08 ; elapsed = 00:00:24 . Memory (MB): peak = 989.355 ; gain = 0.000
---------------------------------------------------------------------------------
No constraint files found.
---------------------------------------------------------------------------------
Start RTL Component Statistics 
---------------------------------------------------------------------------------
Detailed RTL Component Info : 
+---Registers : 
	                4 Bit    Registers := 1     
	                2 Bit    Registers := 1     
+---Muxes : 
	  16 Input    7 Bit        Muxes := 1     
	   4 Input    4 Bit        Muxes := 1     
	   3 Input    4 Bit        Muxes := 16    
	   8 Input    4 Bit        Muxes := 1     
	   2 Input    4 Bit        Muxes := 13    
	   5 Input    4 Bit        Muxes := 1     
	   2 Input    2 Bit        Muxes := 12    
	   5 Input    2 Bit        Muxes := 1     
	   2 Input    1 Bit        Muxes := 1     
	  10 Input    1 Bit        Muxes := 1     
	  16 Input    1 Bit        Muxes := 1     
---------------------------------------------------------------------------------
Finished RTL Component Statistics 
---------------------------------------------------------------------------------
---------------------------------------------------------------------------------
Start Part Resource Summary
---------------------------------------------------------------------------------
Part Resources:
DSPs: 240 (col length:80)
BRAMs: 270 (col length: RAMB18 80 RAMB36 40)
---------------------------------------------------------------------------------
Finished Part Resource Summary
---------------------------------------------------------------------------------
No constraint files found.
---------------------------------------------------------------------------------
Start Cross Boundary and Area Optimization
---------------------------------------------------------------------------------
---------------------------------------------------------------------------------
Finished Cross Boundary and Area Optimization : Time (s): cpu = 00:00:14 ; elapsed = 00:00:59 . Memory (MB): peak = 989.355 ; gain = 0.000
---------------------------------------------------------------------------------
No constraint files found.
---------------------------------------------------------------------------------
Start Timing Optimization
---------------------------------------------------------------------------------
---------------------------------------------------------------------------------
Finished Timing Optimization : Time (s): cpu = 00:00:14 ; elapsed = 00:01:00 . Memory (MB): peak = 989.355 ; gain = 0.000
---------------------------------------------------------------------------------
---------------------------------------------------------------------------------
Start Technology Mapping
---------------------------------------------------------------------------------
---------------------------------------------------------------------------------
Finished Technology Mapping : Time (s): cpu = 00:00:14 ; elapsed = 00:01:00 . Memory (MB): peak = 989.355 ; gain = 0.000
---------------------------------------------------------------------------------
---------------------------------------------------------------------------------
Start IO Insertion
---------------------------------------------------------------------------------
---------------------------------------------------------------------------------
Start Flattening Before IO Insertion
---------------------------------------------------------------------------------
---------------------------------------------------------------------------------
Finished Flattening Before IO Insertion
---------------------------------------------------------------------------------
---------------------------------------------------------------------------------
Start Final Netlist Cleanup
---------------------------------------------------------------------------------
---------------------------------------------------------------------------------
Finished Final Netlist Cleanup
---------------------------------------------------------------------------------
---------------------------------------------------------------------------------
Finished IO Insertion : Time (s): cpu = 00:00:20 ; elapsed = 00:01:06 . Memory (MB): peak = 989.355 ; gain = 0.000
---------------------------------------------------------------------------------
---------------------------------------------------------------------------------
Start Renaming Generated Instances
---------------------------------------------------------------------------------
---------------------------------------------------------------------------------
Finished Renaming Generated Instances : Time (s): cpu = 00:00:20 ; elapsed = 00:01:06 . Memory (MB): peak = 989.355 ; gain = 0.000
---------------------------------------------------------------------------------
CRITICAL WARNING: [Synth 8-6859] multi-driven net on pin gate_OBUF with 1st driver pin 'gate_OBUF_inst_i_1/O' [C:/Users/raoab/OneDrive/Desktop/IMPORTANT FILES/Verilog/ATM Machine2/Parking Garage/Parking Garage.srcs/sources_1/new/GateAccess.v:28]
CRITICAL WARNING: [Synth 8-6859] multi-driven net on pin gate_OBUF with 2nd driver pin 'gate_OBUF_inst_i_2/O' [C:/Users/raoab/OneDrive/Desktop/IMPORTANT FILES/Verilog/ATM Machine2/Parking Garage/Parking Garage.srcs/sources_1/new/GateAccess.v:28]

Report Check Netlist: 
+------+------------------+-------+---------+-------+------------------+
|      |Item              |Errors |Warnings |Status |Description       |
+------+------------------+-------+---------+-------+------------------+
|1     |multi_driven_nets |      0|        1|Failed |Multi driven nets |
+------+------------------+-------+---------+-------+------------------+
---------------------------------------------------------------------------------
Start Rebuilding User Hierarchy
---------------------------------------------------------------------------------
---------------------------------------------------------------------------------
Finished Rebuilding User Hierarchy : Time (s): cpu = 00:00:20 ; elapsed = 00:01:07 . Memory (MB): peak = 989.355 ; gain = 0.000
---------------------------------------------------------------------------------
---------------------------------------------------------------------------------
Start Renaming Generated Ports
---------------------------------------------------------------------------------
---------------------------------------------------------------------------------
Finished Renaming Generated Ports : Time (s): cpu = 00:00:20 ; elapsed = 00:01:07 . Memory (MB): peak = 989.355 ; gain = 0.000
---------------------------------------------------------------------------------
---------------------------------------------------------------------------------
Start Handling Custom Attributes
---------------------------------------------------------------------------------
---------------------------------------------------------------------------------
Finished Handling Custom Attributes : Time (s): cpu = 00:00:20 ; elapsed = 00:01:07 . Memory (MB): peak = 989.355 ; gain = 0.000
---------------------------------------------------------------------------------
---------------------------------------------------------------------------------
Start Renaming Generated Nets
---------------------------------------------------------------------------------
---------------------------------------------------------------------------------
Finished Renaming Generated Nets : Time (s): cpu = 00:00:20 ; elapsed = 00:01:07 . Memory (MB): peak = 989.355 ; gain = 0.000
---------------------------------------------------------------------------------
---------------------------------------------------------------------------------
Start Writing Synthesis Report
---------------------------------------------------------------------------------

Report BlackBoxes: 
+-+--------------+----------+
| |BlackBox name |Instances |
+-+--------------+----------+
+-+--------------+----------+

Report Cell Usage: 
+------+-------+------+
|      |Cell   |Count |
+------+-------+------+
|1     |BUFG   |     1|
|2     |CARRY4 |     5|
|3     |LUT1   |     1|
|4     |LUT2   |     6|
|5     |LUT3   |     3|
|6     |LUT4   |    16|
|7     |LUT5   |     2|
|8     |LUT6   |    10|
|9     |FDRE   |    24|
|10    |LD     |    11|
|11    |IBUF   |    19|
|12    |OBUF   |    12|
+------+-------+------+

Report Instance Areas: 
+------+---------+-------+------+
|      |Instance |Module |Cells |
+------+---------+-------+------+
|1     |top      |       |   110|
+------+---------+-------+------+
---------------------------------------------------------------------------------
Finished Writing Synthesis Report : Time (s): cpu = 00:00:20 ; elapsed = 00:01:07 . Memory (MB): peak = 989.355 ; gain = 0.000
---------------------------------------------------------------------------------
Synthesis finished with 0 errors, 2 critical warnings and 2 warnings.
Synthesis Optimization Runtime : Time (s): cpu = 00:00:20 ; elapsed = 00:01:08 . Memory (MB): peak = 989.355 ; gain = 0.000
Synthesis Optimization Complete : Time (s): cpu = 00:00:20 ; elapsed = 00:01:08 . Memory (MB): peak = 989.355 ; gain = 0.000
INFO: [Project 1-571] Translating synthesized netlist
Netlist sorting complete. Time (s): cpu = 00:00:00 ; elapsed = 00:00:00.002 . Memory (MB): peak = 989.355 ; gain = 0.000
INFO: [Netlist 29-17] Analyzing 16 Unisim elements for replacement
INFO: [Netlist 29-28] Unisim Transformation completed in 1 CPU seconds
INFO: [Project 1-570] Preparing netlist for logic optimization
INFO: [Opt 31-138] Pushed 0 inverter(s) to 0 load pin(s).
Netlist sorting complete. Time (s): cpu = 00:00:00 ; elapsed = 00:00:00 . Memory (MB): peak = 989.355 ; gain = 0.000
INFO: [Project 1-111] Unisim Transformation Summary:
  A total of 11 instances were transformed.
  LD => LDCE: 11 instances

INFO: [Common 17-83] Releasing license: Synthesis
19 Infos, 2 Warnings, 2 Critical Warnings and 0 Errors encountered.
synth_design completed successfully
synth_design: Time (s): cpu = 00:00:25 ; elapsed = 00:01:33 . Memory (MB): peak = 989.355 ; gain = 0.000
INFO: [runtcl-6] Synthesis results are not added to the cache due to CRITICAL_WARNING
INFO: [Common 17-1381] The checkpoint 'C:/Users/raoab/OneDrive/Desktop/IMPORTANT FILES/Verilog/ATM Machine2/Parking Garage/Parking Garage.runs/synth_1/testbench.dcp' has been generated.
INFO: [runtcl-4] Executing : report_utilization -file testbench_utilization_synth.rpt -pb testbench_utilization_synth.pb
INFO: [Common 17-206] Exiting Vivado at Sat Sep 25 22:29:09 2021...
