#-----------------------------------------------------------
# Vivado v2020.2 (64-bit)
# SW Build 3064766 on Wed Nov 18 09:12:45 MST 2020
# IP Build 3064653 on Wed Nov 18 14:17:31 MST 2020
# Start of session at: Thu Sep 23 23:51:03 2021
# Process ID: 21492
# Current directory: C:/Users/raoab/OneDrive/Desktop/IMPORTANT FILES/Verilog/ATM Machine2
# Command line: vivado.exe -gui_launcher_event rodinguilauncherevent8412 C:\Users\raoab\OneDrive\Desktop\IMPORTANT FILES\Verilog\ATM Machine2\ATM_Machine.xpr
# Log file: C:/Users/raoab/OneDrive/Desktop/IMPORTANT FILES/Verilog/ATM Machine2/vivado.log
# Journal file: C:/Users/raoab/OneDrive/Desktop/IMPORTANT FILES/Verilog/ATM Machine2\vivado.jou
#-----------------------------------------------------------
start_gui
open_project {C:/Users/raoab/OneDrive/Desktop/IMPORTANT FILES/Verilog/ATM Machine2/ATM_Machine.xpr}
INFO: [Project 1-313] Project file moved from 'C:/Users/mamughal/Desktop/ATM_Machine' since last save.
Scanning sources...
Finished scanning sources
INFO: [IP_Flow 19-234] Refreshing IP repositories
INFO: [IP_Flow 19-1704] No user IP repositories specified
INFO: [IP_Flow 19-2313] Loaded Vivado IP repository 'C:/Xilinx/Vivado/2020.2/data/ip'.
open_project: Time (s): cpu = 00:00:27 ; elapsed = 00:00:17 . Memory (MB): peak = 1354.855 ; gain = 0.000
update_compile_order -fileset sources_1
close_project
exit
INFO: [Common 17-206] Exiting Vivado at Thu Sep 23 23:54:43 2021...
